2020-11-07 10:38:13.0639|Info|AsyncTaskMethodBuilder`1.Start => <Post>d__3.MoveNext => Logger1.Log|Weather Controller - Begin
2020-11-07 10:38:13.1148|Info|AsyncTaskMethodBuilder`1.Start => <Post>d__3.MoveNext => Logger1.Log|WeatherGatewayApi.Models.RequestModel
2020-11-07 10:38:14.1828|Info|<>c__DisplayClass3_0.<Post>b__0 => Pollution.GetPollutionByGeographic => Logger1.Log|Begin
2020-11-07 10:38:14.1828|Info|<>c__DisplayClass3_0.<Post>b__0 => Pollution.GetPollutionByGeographic => Logger1.Log|URI :http://api.openweathermap.org/pollution/v1/o3/12.11,77/Z.json?appid=ee00fb47757b05782a72d6161eb3c04f
2020-11-07 10:38:14.8306|Info|<>c__DisplayClass3_0.<Post>b__0 => Pollution.GetPollutionByGeographic => Logger1.Log|Response :StatusCode: 400, ReasonPhrase: 'Bad Request', Version: 1.1, Content: System.Net.Http.StreamContent, Headers:
{
  Connection: keep-alive
  X-Cache-Key: /pollution/v1/o3/12.11,77/Z.json?
  Access-Control-Allow-Origin: *
  Access-Control-Allow-Credentials: true
  Access-Control-Allow-Methods: GET, POST
  Date: Sat, 07 Nov 2020 05:08:13 GMT
  Server: openresty
  Content-Length: 56
  Content-Type: application/json; charset=utf-8
}
2020-11-07 10:38:14.8306|Info|<>c__DisplayClass3_0.<Post>b__0 => Pollution.GetPollutionByGeographic => Logger1.Log|End
2020-11-07 10:38:14.8353|Info|MoveNextRunner.InvokeMoveNext => <Post>d__3.MoveNext => Logger1.Log|Return message from service layer :ServiceLayer.PollutionResponse
2020-11-07 10:38:14.8549|Info|MoveNextRunner.InvokeMoveNext => <Post>d__3.MoveNext => Logger1.Log|Weather Controller - End
2020-11-07 10:38:50.3673|Info|AsyncTaskMethodBuilder`1.Start => <Post>d__3.MoveNext => Logger1.Log|Weather Controller - Begin
2020-11-07 10:38:50.3673|Info|AsyncTaskMethodBuilder`1.Start => <Post>d__3.MoveNext => Logger1.Log|WeatherGatewayApi.Models.RequestModel
2020-11-07 10:42:57.1277|Info|AsyncTaskMethodBuilder`1.Start => <Post>d__3.MoveNext => Logger1.Log|Weather Controller - Begin
2020-11-07 10:42:57.1684|Info|AsyncTaskMethodBuilder`1.Start => <Post>d__3.MoveNext => Logger1.Log|WeatherGatewayApi.Models.RequestModel
2020-11-07 10:43:00.3599|Info|<>c__DisplayClass3_0.<Post>b__0 => Pollution.GetPollutionByGeographic => Logger1.Log|Begin
2020-11-07 10:45:17.9828|Info|AsyncTaskMethodBuilder`1.Start => <Post>d__3.MoveNext => Logger1.Log|Weather Controller - Begin
2020-11-07 10:45:18.0179|Info|AsyncTaskMethodBuilder`1.Start => <Post>d__3.MoveNext => Logger1.Log|WeatherGatewayApi.Models.RequestModel
2020-11-07 10:45:20.1579|Info|<>c__DisplayClass3_0.<Post>b__0 => Pollution.GetPollutionByGeographic => Logger1.Log|Begin
2020-11-07 10:45:20.1579|Info|<>c__DisplayClass3_0.<Post>b__0 => Pollution.GetPollutionByGeographic => Logger1.Log|URI :http://api.openweathermap.org/pollution/v1/o3/12.11,77/2020-11-07Z.json?appid=ee00fb47757b05782a72d6161eb3c04f
2020-11-07 10:45:21.0396|Info|<>c__DisplayClass3_0.<Post>b__0 => Pollution.GetPollutionByGeographic => Logger1.Log|Response :StatusCode: 404, ReasonPhrase: 'Not Found', Version: 1.1, Content: System.Net.Http.StreamContent, Headers:
{
  Connection: keep-alive
  X-Cache-Key: /pollution/v1/o3/12.11,77/2020-11-07Z.json?
  Access-Control-Allow-Origin: *
  Access-Control-Allow-Credentials: true
  Access-Control-Allow-Methods: GET, POST
  Date: Sat, 07 Nov 2020 05:15:19 GMT
  Server: openresty
  Content-Length: 24
  Content-Type: application/json; charset=utf-8
}
2020-11-07 10:45:21.0396|Info|<>c__DisplayClass3_0.<Post>b__0 => Pollution.GetPollutionByGeographic => Logger1.Log|End
2020-11-07 10:45:21.0396|Info|MoveNextRunner.InvokeMoveNext => <Post>d__3.MoveNext => Logger1.Log|Return message from service layer :ServiceLayer.PollutionResponse
2020-11-07 10:45:21.0525|Info|MoveNextRunner.InvokeMoveNext => <Post>d__3.MoveNext => Logger1.Log|Weather Controller - End
