<no type>.lambda_method => WeatherController.Get => Logger1.Log Weather Controller - Begin
2020-11-06 13:13:31.1732|Exception occured
2020-11-06 13:13:35.7201|Weather Controller - Begin
2020-11-06 13:17:18.7496|Weather Controller - Begin
2020-11-06 13:17:20.6078|GetPollutionByGeographic - Begin
2020-11-06 13:17:27.0333|GetPollutionByGeographic - End
2020-11-06 13:25:34.8080|Info|<no type>.lambda_method => WeatherController.Get => Logger1.Log|Weather Controller - Begin
2020-11-06 13:25:36.4281|Info|WeatherController.Get => Pollution.GetPollutionByGeographic => Logger1.Log|GetPollutionByGeographic - Begin
2020-11-06 13:25:37.8667|Info|WeatherController.Get => Pollution.GetPollutionByGeographic => Logger1.Log|GetPollutionByGeographic - End
2020-11-06 13:52:25.3852|Info|<no type>.lambda_method => WeatherController.Get => Logger1.Log|Weather Controller - Begin
2020-11-06 13:52:25.4177|Info|<no type>.lambda_method => WeatherController.Get => Logger1.Log|WeatherGatewayApi.Models.RequestModel
2020-11-06 13:52:46.7466|Info|WeatherController.Get => Pollution.GetPollutionByGeographic => Logger1.Log|Begin
2020-11-06 15:03:22.6208|Info|<no type>.lambda_method => WeatherController.Get => Logger1.Log|Weather Controller - Begin
2020-11-06 15:03:22.8698|Info|<no type>.lambda_method => WeatherController.Get => Logger1.Log|WeatherGatewayApi.Models.RequestModel
2020-11-06 15:03:26.7883|Info|WeatherController.Get => Pollution.GetPollutionByGeographic => Logger1.Log|Begin
2020-11-06 15:03:29.9149|Info|WeatherController.Get => Pollution.GetPollutionByGeographic => Logger1.Log|URI :http://api.openweathermap.org/pollution/v1/o3/12.8,77.6/2020-11-06Z.json?appid=ee00fb47757b05782a72d6161eb3c04f
2020-11-06 15:03:32.4732|Info|WeatherController.Get => Pollution.GetPollutionByGeographic => Logger1.Log|Response :StatusCode: 404, ReasonPhrase: 'Not Found', Version: 1.1, Content: System.Net.Http.StreamContent, Headers:
{
  Connection: keep-alive
  X-Cache-Key: /pollution/v1/o3/12.8,77.6/2020-11-06Z.json?
  Access-Control-Allow-Origin: *
  Access-Control-Allow-Credentials: true
  Access-Control-Allow-Methods: GET, POST
  Date: Fri, 06 Nov 2020 09:33:31 GMT
  Server: openresty
  Content-Length: 24
  Content-Type: application/json; charset=utf-8
}
2020-11-06 15:05:36.1295|Info|WeatherController.Get => Pollution.GetPollutionByGeographic => Logger1.Log|End
2020-11-06 15:05:39.0733|Info|<no type>.lambda_method => WeatherController.Get => Logger1.Log|Return message from service layer :
2020-11-06 15:06:33.2868|Info|WeatherController.Get => Pollution.GetPollutionByGeographic => Logger1.Log|Begin
2020-11-06 15:06:34.3408|Info|WeatherController.Get => Pollution.GetPollutionByGeographic => Logger1.Log|URI :http://api.openweathermap.org/pollution/v1/o3/12.8,77.6/2020-11-06Z.json?appid=ee00fb47757b05782a72d6161eb3c04f
2020-11-06 15:09:10.3768|Info|<no type>.lambda_method => WeatherController.Get => Logger1.Log|Weather Controller - Begin
2020-11-06 15:09:10.4081|Info|<no type>.lambda_method => WeatherController.Get => Logger1.Log|WeatherGatewayApi.Models.RequestModel
2020-11-06 15:09:13.6247|Info|WeatherController.Get => Pollution.GetPollutionByGeographic => Logger1.Log|Begin
2020-11-06 15:09:13.6247|Info|WeatherController.Get => Pollution.GetPollutionByGeographic => Logger1.Log|URI :http://api.openweathermap.org/pollution/v1/o3/12.8,77.6/2020-11-06Z.json?appid=ee00fb47757b05782a72d6161eb3c04f
2020-11-06 15:09:17.9075|Info|WeatherController.Get => Pollution.GetPollutionByGeographic => Logger1.Log|Response :StatusCode: 404, ReasonPhrase: 'Not Found', Version: 1.1, Content: System.Net.Http.StreamContent, Headers:
{
  Connection: keep-alive
  X-Cache-Key: /pollution/v1/o3/12.8,77.6/2020-11-06Z.json?
  Access-Control-Allow-Origin: *
  Access-Control-Allow-Credentials: true
  Access-Control-Allow-Methods: GET, POST
  Date: Fri, 06 Nov 2020 09:39:16 GMT
  Server: openresty
  Content-Length: 24
  Content-Type: application/json; charset=utf-8
}
2020-11-06 15:09:24.9276|Info|WeatherController.Get => Pollution.GetPollutionByGeographic => Logger1.Log|End
2020-11-06 15:09:27.6724|Info|<no type>.lambda_method => WeatherController.Get => Logger1.Log|Return message from service layer :Not Found
2020-11-06 15:19:22.0418|Info|<no type>.lambda_method => WeatherController.Get => Logger1.Log|Weather Controller - Begin
2020-11-06 15:19:22.0799|Info|<no type>.lambda_method => WeatherController.Get => Logger1.Log|WeatherGatewayApi.Models.RequestModel
2020-11-06 15:19:25.4230|Info|WeatherController.Get => Pollution.GetPollutionByGeographic => Logger1.Log|Begin
2020-11-06 15:19:25.4230|Info|WeatherController.Get => Pollution.GetPollutionByGeographic => Logger1.Log|URI :http://api.openweathermap.org/pollution/v1/o3/12.8,77.6/2020-11-06Z.json?appid=ee00fb47757b05782a72d6161eb3c04f
2020-11-06 15:19:25.6648|Info|WeatherController.Get => Pollution.GetPollutionByGeographic => Logger1.Log|Response :StatusCode: 404, ReasonPhrase: 'Not Found', Version: 1.1, Content: System.Net.Http.StreamContent, Headers:
{
  Connection: keep-alive
  X-Cache-Key: /pollution/v1/o3/12.8,77.6/2020-11-06Z.json?
  Access-Control-Allow-Origin: *
  Access-Control-Allow-Credentials: true
  Access-Control-Allow-Methods: GET, POST
  Date: Fri, 06 Nov 2020 09:49:25 GMT
  Server: openresty
  Content-Length: 24
  Content-Type: application/json; charset=utf-8
}
2020-11-06 15:19:31.2508|Info|WeatherController.Get => Pollution.GetPollutionByGeographic => Logger1.Log|End
2020-11-06 15:19:33.1240|Info|<no type>.lambda_method => WeatherController.Get => Logger1.Log|Return message from service layer :Not Found
2020-11-06 15:20:23.5280|Info|WeatherController.Get => Pollution.GetPollutionByGeographic => Logger1.Log|Begin
2020-11-06 15:20:23.5280|Info|WeatherController.Get => Pollution.GetPollutionByGeographic => Logger1.Log|URI :http://api.openweathermap.org/pollution/v1/o3/12.8,77.6/2020-11-06Z.json?appid=ee00fb47757b05782a72d6161eb3c04f
2020-11-06 15:20:24.1363|Info|WeatherController.Get => Pollution.GetPollutionByGeographic => Logger1.Log|Response :StatusCode: 404, ReasonPhrase: 'Not Found', Version: 1.1, Content: System.Net.Http.StreamContent, Headers:
{
  Connection: keep-alive
  X-Cache-Key: /pollution/v1/o3/12.8,77.6/2020-11-06Z.json?
  Access-Control-Allow-Origin: *
  Access-Control-Allow-Credentials: true
  Access-Control-Allow-Methods: GET, POST
  Date: Fri, 06 Nov 2020 09:50:23 GMT
  Server: openresty
  Content-Length: 24
  Content-Type: application/json; charset=utf-8
}
2020-11-06 15:33:18.9268|Info|<no type>.lambda_method => WeatherController.Get => Logger1.Log|Weather Controller - Begin
2020-11-06 15:33:18.9569|Info|<no type>.lambda_method => WeatherController.Get => Logger1.Log|WeatherGatewayApi.Models.RequestModel
2020-11-06 15:33:24.1488|Info|WeatherController.Get => Pollution.GetPollutionByGeographic => Logger1.Log|Begin
2020-11-06 15:33:25.3123|Info|WeatherController.Get => Pollution.GetPollutionByGeographic => Logger1.Log|URI :http://api.openweathermap.org/pollution/v1/o3/12.8,77.6/2020-11-06Z.json?appid=ee00fb47757b05782a72d6161eb3c04f
2020-11-06 15:33:27.5065|Info|WeatherController.Get => Pollution.GetPollutionByGeographic => Logger1.Log|Response :StatusCode: 404, ReasonPhrase: 'Not Found', Version: 1.1, Content: System.Net.Http.StreamContent, Headers:
{
  Connection: keep-alive
  X-Cache-Key: /pollution/v1/o3/12.8,77.6/2020-11-06Z.json?
  Access-Control-Allow-Origin: *
  Access-Control-Allow-Credentials: true
  Access-Control-Allow-Methods: GET, POST
  Date: Fri, 06 Nov 2020 10:03:26 GMT
  Server: openresty
  Content-Length: 24
  Content-Type: application/json; charset=utf-8
}
2020-11-06 15:41:01.5055|Info|<no type>.lambda_method => WeatherController.Get => Logger1.Log|Weather Controller - Begin
2020-11-06 15:41:01.5417|Info|<no type>.lambda_method => WeatherController.Get => Logger1.Log|WeatherGatewayApi.Models.RequestModel
2020-11-06 15:41:05.6291|Info|WeatherController.Get => Pollution.GetPollutionByGeographic => Logger1.Log|Begin
2020-11-06 15:41:05.6291|Info|WeatherController.Get => Pollution.GetPollutionByGeographic => Logger1.Log|URI :http://api.openweathermap.org/pollution/v1/o3/12.8,77.6/2020-11-06Z.json?appid=ee00fb47757b05782a72d6161eb3c04f
2020-11-06 15:41:07.0479|Info|WeatherController.Get => Pollution.GetPollutionByGeographic => Logger1.Log|Response :StatusCode: 404, ReasonPhrase: 'Not Found', Version: 1.1, Content: System.Net.Http.StreamContent, Headers:
{
  Connection: keep-alive
  X-Cache-Key: /pollution/v1/o3/12.8,77.6/2020-11-06Z.json?
  Access-Control-Allow-Origin: *
  Access-Control-Allow-Credentials: true
  Access-Control-Allow-Methods: GET, POST
  Date: Fri, 06 Nov 2020 10:11:06 GMT
  Server: openresty
  Content-Length: 24
  Content-Type: application/json; charset=utf-8
}
2020-11-06 15:41:10.9032|Info|WeatherController.Get => Pollution.GetPollutionByGeographic => Logger1.Log|End
2020-11-06 15:41:12.4699|Info|<no type>.lambda_method => WeatherController.Get => Logger1.Log|Return message from service layer :ServiceLayer.PollutionResponse
2020-11-06 15:41:16.5695|Info|<no type>.lambda_method => WeatherController.Get => Logger1.Log|Weather Controller - End
2020-11-06 18:59:44.5300|Info|<no type>.lambda_method => WeatherController.Get => Logger1.Log|Weather Controller - Begin
2020-11-06 18:59:44.5664|Info|<no type>.lambda_method => WeatherController.Get => Logger1.Log|WeatherGatewayApi.Models.RequestModel
2020-11-06 18:59:48.3597|Info|AsyncTaskMethodBuilder`1.Start => <GetPollutionByGeographic>d__2.MoveNext => Logger1.Log|Begin
2020-11-06 18:59:49.5775|Info|AsyncTaskMethodBuilder`1.Start => <GetPollutionByGeographic>d__2.MoveNext => Logger1.Log|URI :http://api.openweathermap.org/pollution/v1/o3/12.8,77.6/2020-11-06Z.json?appid=ee00fb47757b05782a72d6161eb3c04f
2020-11-06 18:59:50.8820|Info|<no type>.lambda_method => WeatherController.Get => Logger1.Log|Return message from service layer :System.Threading.Tasks.Task`1[ServiceLayer.PollutionResponse]
2020-11-06 18:59:50.8820|Info|<no type>.lambda_method => WeatherController.Get => Logger1.Log|Weather Controller - End
2020-11-06 19:02:57.5343|Info|AsyncTaskMethodBuilder`1.Start => <Get>d__3.MoveNext => Logger1.Log|Weather Controller - Begin
2020-11-06 19:02:57.7391|Info|AsyncTaskMethodBuilder`1.Start => <Get>d__3.MoveNext => Logger1.Log|WeatherGatewayApi.Models.RequestModel
2020-11-06 19:03:02.7805|Info|<>c__DisplayClass3_0.<Get>b__0 => Pollution.GetPollutionByGeographic => Logger1.Log|Begin
2020-11-06 19:03:03.8451|Info|<>c__DisplayClass3_0.<Get>b__0 => Pollution.GetPollutionByGeographic => Logger1.Log|URI :http://api.openweathermap.org/pollution/v1/o3/12.8,77.6/2020-11-06Z.json?appid=ee00fb47757b05782a72d6161eb3c04f
2020-11-06 19:03:06.2342|Info|<>c__DisplayClass3_0.<Get>b__0 => Pollution.GetPollutionByGeographic => Logger1.Log|Response :StatusCode: 404, ReasonPhrase: 'Not Found', Version: 1.1, Content: System.Net.Http.StreamContent, Headers:
{
  Connection: keep-alive
  X-Cache-Key: /pollution/v1/o3/12.8,77.6/2020-11-06Z.json?
  Access-Control-Allow-Origin: *
  Access-Control-Allow-Credentials: true
  Access-Control-Allow-Methods: GET, POST
  Date: Fri, 06 Nov 2020 13:33:05 GMT
  Server: openresty
  Content-Length: 24
  Content-Type: application/json; charset=utf-8
}
2020-11-06 19:03:08.7733|Info|<>c__DisplayClass3_0.<Get>b__0 => Pollution.GetPollutionByGeographic => Logger1.Log|End
2020-11-06 19:03:11.7738|Info|MoveNextRunner.InvokeMoveNext => <Get>d__3.MoveNext => Logger1.Log|Return message from service layer :ServiceLayer.PollutionResponse
2020-11-06 19:03:17.4559|Info|MoveNextRunner.InvokeMoveNext => <Get>d__3.MoveNext => Logger1.Log|Weather Controller - End
2020-11-06 21:04:13.6342|Info|AsyncTaskMethodBuilder`1.Start => <Post>d__3.MoveNext => Logger1.Log|Weather Controller - Begin
2020-11-06 21:04:13.8881|Info|AsyncTaskMethodBuilder`1.Start => <Post>d__3.MoveNext => Logger1.Log|WeatherGatewayApi.Models.RequestModel
2020-11-06 21:04:17.0454|Info|<>c__DisplayClass3_0.<Post>b__0 => Pollution.GetPollutionByGeographic => Logger1.Log|Begin
2020-11-06 21:04:18.0125|Info|<>c__DisplayClass3_0.<Post>b__0 => Pollution.GetPollutionByGeographic => Logger1.Log|URI :/12.11,77/Z.json?appid=
2020-11-06 21:10:15.6140|Info|AsyncTaskMethodBuilder`1.Start => <Post>d__3.MoveNext => Logger1.Log|Weather Controller - Begin
2020-11-06 21:10:15.6723|Info|AsyncTaskMethodBuilder`1.Start => <Post>d__3.MoveNext => Logger1.Log|WeatherGatewayApi.Models.RequestModel
2020-11-06 21:10:18.4896|Info|<>c__DisplayClass3_0.<Post>b__0 => Pollution.GetPollutionByGeographic => Logger1.Log|Begin
2020-11-06 21:10:18.4896|Info|<>c__DisplayClass3_0.<Post>b__0 => Pollution.GetPollutionByGeographic => Logger1.Log|URI :http://api.openweathermap.org/pollution/v1/o3/12.11,77/Z.json?appid=
2020-11-06 21:10:18.7992|Info|<>c__DisplayClass3_0.<Post>b__0 => Pollution.GetPollutionByGeographic => Logger1.Log|Response :StatusCode: 401, ReasonPhrase: 'Unauthorized', Version: 1.1, Content: System.Net.Http.StreamContent, Headers:
{
  Connection: keep-alive
  X-Cache-Key: /pollution/v1/o3/12.11,77/Z.json?
  Access-Control-Allow-Origin: *
  Access-Control-Allow-Credentials: true
  Access-Control-Allow-Methods: GET, POST
  Date: Fri, 06 Nov 2020 15:40:17 GMT
  Server: openresty
  Content-Length: 107
  Content-Type: application/json
}
2020-11-06 21:10:18.7992|Info|<>c__DisplayClass3_0.<Post>b__0 => Pollution.GetPollutionByGeographic => Logger1.Log|End
2020-11-06 21:10:18.8046|Info|MoveNextRunner.InvokeMoveNext => <Post>d__3.MoveNext => Logger1.Log|Return message from service layer :ServiceLayer.PollutionResponse
2020-11-06 21:10:23.4036|Info|MoveNextRunner.InvokeMoveNext => <Post>d__3.MoveNext => Logger1.Log|Weather Controller - End
2020-11-06 21:10:47.6111|Info|AsyncTaskMethodBuilder`1.Start => <Post>d__3.MoveNext => Logger1.Log|Weather Controller - Begin
2020-11-06 21:10:47.6111|Info|AsyncTaskMethodBuilder`1.Start => <Post>d__3.MoveNext => Logger1.Log|WeatherGatewayApi.Models.RequestModel
2020-11-06 21:10:48.6258|Info|<>c__DisplayClass3_0.<Post>b__0 => Pollution.GetPollutionByGeographic => Logger1.Log|Begin
2020-11-06 21:10:48.6258|Info|<>c__DisplayClass3_0.<Post>b__0 => Pollution.GetPollutionByGeographic => Logger1.Log|URI :http://api.openweathermap.org/pollution/v1/o3/12.11,77/Z.json?appid=
2020-11-06 21:10:48.8232|Info|<>c__DisplayClass3_0.<Post>b__0 => Pollution.GetPollutionByGeographic => Logger1.Log|Response :StatusCode: 401, ReasonPhrase: 'Unauthorized', Version: 1.1, Content: System.Net.Http.StreamContent, Headers:
{
  Connection: keep-alive
  X-Cache-Key: /pollution/v1/o3/12.11,77/Z.json?
  Access-Control-Allow-Origin: *
  Access-Control-Allow-Credentials: true
  Access-Control-Allow-Methods: GET, POST
  Date: Fri, 06 Nov 2020 15:40:47 GMT
  Server: openresty
  Content-Length: 107
  Content-Type: application/json
}
2020-11-06 21:10:48.8232|Info|<>c__DisplayClass3_0.<Post>b__0 => Pollution.GetPollutionByGeographic => Logger1.Log|End
2020-11-06 21:10:48.8232|Info|MoveNextRunner.InvokeMoveNext => <Post>d__3.MoveNext => Logger1.Log|Return message from service layer :ServiceLayer.PollutionResponse
2020-11-06 21:10:48.8232|Info|MoveNextRunner.InvokeMoveNext => <Post>d__3.MoveNext => Logger1.Log|Weather Controller - End
2020-11-06 21:11:20.2162|Info|AsyncTaskMethodBuilder`1.Start => <Post>d__3.MoveNext => Logger1.Log|Weather Controller - Begin
2020-11-06 21:11:20.2162|Info|AsyncTaskMethodBuilder`1.Start => <Post>d__3.MoveNext => Logger1.Log|WeatherGatewayApi.Models.RequestModel
2020-11-06 21:11:23.7780|Info|<>c__DisplayClass3_0.<Post>b__0 => Pollution.GetPollutionByGeographic => Logger1.Log|Begin
2020-11-06 21:11:25.7195|Info|<>c__DisplayClass3_0.<Post>b__0 => Pollution.GetPollutionByGeographic => Logger1.Log|URI :http://api.openweathermap.org/pollution/v1/o3/12.11,77/Z.json?appid=
2020-11-06 21:11:27.0229|Info|<>c__DisplayClass3_0.<Post>b__0 => Pollution.GetPollutionByGeographic => Logger1.Log|Response :StatusCode: 401, ReasonPhrase: 'Unauthorized', Version: 1.1, Content: System.Net.Http.StreamContent, Headers:
{
  Connection: keep-alive
  X-Cache-Key: /pollution/v1/o3/12.11,77/Z.json?
  Access-Control-Allow-Origin: *
  Access-Control-Allow-Credentials: true
  Access-Control-Allow-Methods: GET, POST
  Date: Fri, 06 Nov 2020 15:41:25 GMT
  Server: openresty
  Content-Length: 107
  Content-Type: application/json
}
2020-11-06 21:11:37.1011|Info|<>c__DisplayClass3_0.<Post>b__0 => Pollution.GetPollutionByGeographic => Logger1.Log|End
2020-11-06 21:11:45.5948|Info|MoveNextRunner.InvokeMoveNext => <Post>d__3.MoveNext => Logger1.Log|Return message from service layer :ServiceLayer.PollutionResponse
2020-11-06 21:12:00.0832|Info|MoveNextRunner.InvokeMoveNext => <Post>d__3.MoveNext => Logger1.Log|Weather Controller - End
2020-11-06 21:18:30.4242|Info|AsyncTaskMethodBuilder`1.Start => <Post>d__3.MoveNext => Logger1.Log|Weather Controller - Begin
2020-11-06 21:18:30.4603|Info|AsyncTaskMethodBuilder`1.Start => <Post>d__3.MoveNext => Logger1.Log|WeatherGatewayApi.Models.RequestModel
2020-11-06 21:18:32.3341|Info|<>c__DisplayClass3_0.<Post>b__0 => Pollution.GetPollutionByGeographic => Logger1.Log|Begin
2020-11-06 21:18:32.3341|Info|<>c__DisplayClass3_0.<Post>b__0 => Pollution.GetPollutionByGeographic => Logger1.Log|URI :http://api.openweathermap.org/pollution/v1/o3/12.8,77.6/2020-11-06Z.json?appid=ee00fb47757b05782a72d6161eb3c04f
2020-11-06 21:18:33.1257|Info|<>c__DisplayClass3_0.<Post>b__0 => Pollution.GetPollutionByGeographic => Logger1.Log|Response :StatusCode: 404, ReasonPhrase: 'Not Found', Version: 1.1, Content: System.Net.Http.StreamContent, Headers:
{
  Connection: keep-alive
  X-Cache-Key: /pollution/v1/o3/12.8,77.6/2020-11-06Z.json?
  Access-Control-Allow-Origin: *
  Access-Control-Allow-Credentials: true
  Access-Control-Allow-Methods: GET, POST
  Date: Fri, 06 Nov 2020 15:48:31 GMT
  Server: openresty
  Content-Length: 24
  Content-Type: application/json; charset=utf-8
}
2020-11-06 21:18:33.1257|Info|<>c__DisplayClass3_0.<Post>b__0 => Pollution.GetPollutionByGeographic => Logger1.Log|End
2020-11-06 21:18:33.1304|Info|MoveNextRunner.InvokeMoveNext => <Post>d__3.MoveNext => Logger1.Log|Return message from service layer :ServiceLayer.PollutionResponse
2020-11-06 21:18:33.1304|Info|MoveNextRunner.InvokeMoveNext => <Post>d__3.MoveNext => Logger1.Log|Weather Controller - End
2020-11-06 21:26:12.4168|Info|AsyncTaskMethodBuilder`1.Start => <Post>d__3.MoveNext => Logger1.Log|Weather Controller - Begin
2020-11-06 21:26:12.4440|Info|AsyncTaskMethodBuilder`1.Start => <Post>d__3.MoveNext => Logger1.Log|WeatherGatewayApi.Models.RequestModel
2020-11-06 21:26:14.1294|Info|<>c__DisplayClass3_0.<Post>b__0 => Pollution.GetPollutionByGeographic => Logger1.Log|Begin
2020-11-06 21:26:14.1294|Info|<>c__DisplayClass3_0.<Post>b__0 => Pollution.GetPollutionByGeographic => Logger1.Log|URI :http://api.openweathermap.org/pollution/v1/o3/12.11,77/Z.json?appid=
2020-11-06 21:26:14.4444|Info|<>c__DisplayClass3_0.<Post>b__0 => Pollution.GetPollutionByGeographic => Logger1.Log|Response :StatusCode: 401, ReasonPhrase: 'Unauthorized', Version: 1.1, Content: System.Net.Http.StreamContent, Headers:
{
  Connection: keep-alive
  X-Cache-Key: /pollution/v1/o3/12.11,77/Z.json?
  Access-Control-Allow-Origin: *
  Access-Control-Allow-Credentials: true
  Access-Control-Allow-Methods: GET, POST
  Date: Fri, 06 Nov 2020 15:56:13 GMT
  Server: openresty
  Content-Length: 107
  Content-Type: application/json
}
2020-11-06 21:26:14.4444|Info|<>c__DisplayClass3_0.<Post>b__0 => Pollution.GetPollutionByGeographic => Logger1.Log|End
2020-11-06 21:26:14.4444|Info|MoveNextRunner.InvokeMoveNext => <Post>d__3.MoveNext => Logger1.Log|Return message from service layer :ServiceLayer.PollutionResponse
2020-11-06 21:26:14.4444|Info|MoveNextRunner.InvokeMoveNext => <Post>d__3.MoveNext => Logger1.Log|Weather Controller - End
2020-11-06 21:31:54.1300|Info|AsyncTaskMethodBuilder`1.Start => <Post>d__3.MoveNext => Logger1.Log|Weather Controller - Begin
2020-11-06 21:31:54.1300|Info|AsyncTaskMethodBuilder`1.Start => <Post>d__3.MoveNext => Logger1.Log|WeatherGatewayApi.Models.RequestModel
2020-11-06 21:31:55.3293|Info|<>c__DisplayClass3_0.<Post>b__0 => Pollution.GetPollutionByGeographic => Logger1.Log|Begin
2020-11-06 21:31:55.3293|Info|<>c__DisplayClass3_0.<Post>b__0 => Pollution.GetPollutionByGeographic => Logger1.Log|URI :http://api.openweathermap.org/pollution/v1/o3/12.11,77/Z.json?appid=
2020-11-06 21:31:55.5437|Info|<>c__DisplayClass3_0.<Post>b__0 => Pollution.GetPollutionByGeographic => Logger1.Log|Response :StatusCode: 401, ReasonPhrase: 'Unauthorized', Version: 1.1, Content: System.Net.Http.StreamContent, Headers:
{
  Connection: keep-alive
  X-Cache-Key: /pollution/v1/o3/12.11,77/Z.json?
  Access-Control-Allow-Origin: *
  Access-Control-Allow-Credentials: true
  Access-Control-Allow-Methods: GET, POST
  Date: Fri, 06 Nov 2020 16:01:54 GMT
  Server: openresty
  Content-Length: 107
  Content-Type: application/json
}
2020-11-06 21:31:55.5437|Info|<>c__DisplayClass3_0.<Post>b__0 => Pollution.GetPollutionByGeographic => Logger1.Log|End
2020-11-06 21:31:55.5437|Info|MoveNextRunner.InvokeMoveNext => <Post>d__3.MoveNext => Logger1.Log|Return message from service layer :ServiceLayer.PollutionResponse
2020-11-06 21:31:55.5437|Info|MoveNextRunner.InvokeMoveNext => <Post>d__3.MoveNext => Logger1.Log|Weather Controller - End
2020-11-06 21:34:38.4725|Info|AsyncTaskMethodBuilder`1.Start => <Post>d__3.MoveNext => Logger1.Log|Weather Controller - Begin
2020-11-06 21:34:38.5021|Info|AsyncTaskMethodBuilder`1.Start => <Post>d__3.MoveNext => Logger1.Log|WeatherGatewayApi.Models.RequestModel
2020-11-06 21:34:39.6602|Info|<>c__DisplayClass3_0.<Post>b__0 => Pollution.GetPollutionByGeographic => Logger1.Log|Begin
2020-11-06 21:34:39.6622|Info|<>c__DisplayClass3_0.<Post>b__0 => Pollution.GetPollutionByGeographic => Logger1.Log|URI :http://api.openweathermap.org/pollution/v1/o3/12.11,77/Z.json?appid=ee00fb47757b05782a72d6161eb3c04f
2020-11-06 21:34:40.6288|Info|<>c__DisplayClass3_0.<Post>b__0 => Pollution.GetPollutionByGeographic => Logger1.Log|Response :StatusCode: 400, ReasonPhrase: 'Bad Request', Version: 1.1, Content: System.Net.Http.StreamContent, Headers:
{
  Connection: keep-alive
  X-Cache-Key: /pollution/v1/o3/12.11,77/Z.json?
  Access-Control-Allow-Origin: *
  Access-Control-Allow-Credentials: true
  Access-Control-Allow-Methods: GET, POST
  Date: Fri, 06 Nov 2020 16:04:39 GMT
  Server: openresty
  Content-Length: 56
  Content-Type: application/json; charset=utf-8
}
2020-11-06 21:34:40.6298|Info|<>c__DisplayClass3_0.<Post>b__0 => Pollution.GetPollutionByGeographic => Logger1.Log|End
2020-11-06 21:34:40.6298|Info|MoveNextRunner.InvokeMoveNext => <Post>d__3.MoveNext => Logger1.Log|Return message from service layer :ServiceLayer.PollutionResponse
2020-11-06 21:34:40.6298|Info|MoveNextRunner.InvokeMoveNext => <Post>d__3.MoveNext => Logger1.Log|Weather Controller - End
2020-11-06 21:35:05.5020|Info|AsyncTaskMethodBuilder`1.Start => <Post>d__3.MoveNext => Logger1.Log|Weather Controller - Begin
2020-11-06 21:35:05.5020|Info|AsyncTaskMethodBuilder`1.Start => <Post>d__3.MoveNext => Logger1.Log|WeatherGatewayApi.Models.RequestModel
2020-11-06 21:35:07.4261|Info|<>c__DisplayClass3_0.<Post>b__0 => Pollution.GetPollutionByGeographic => Logger1.Log|Begin
2020-11-06 21:35:07.4261|Info|<>c__DisplayClass3_0.<Post>b__0 => Pollution.GetPollutionByGeographic => Logger1.Log|URI :http://api.openweathermap.org/pollution/v1/o3/12.11,77/Z.json?appid=ee00fb47757b05782a72d6161eb3c04f
2020-11-06 21:35:07.6510|Info|<>c__DisplayClass3_0.<Post>b__0 => Pollution.GetPollutionByGeographic => Logger1.Log|Response :StatusCode: 400, ReasonPhrase: 'Bad Request', Version: 1.1, Content: System.Net.Http.StreamContent, Headers:
{
  Connection: keep-alive
  X-Cache-Key: /pollution/v1/o3/12.11,77/Z.json?
  Access-Control-Allow-Origin: *
  Access-Control-Allow-Credentials: true
  Access-Control-Allow-Methods: GET, POST
  Date: Fri, 06 Nov 2020 16:05:06 GMT
  Server: openresty
  Content-Length: 56
  Content-Type: application/json; charset=utf-8
}
2020-11-06 21:35:07.6510|Info|<>c__DisplayClass3_0.<Post>b__0 => Pollution.GetPollutionByGeographic => Logger1.Log|End
2020-11-06 21:35:07.6510|Info|MoveNextRunner.InvokeMoveNext => <Post>d__3.MoveNext => Logger1.Log|Return message from service layer :ServiceLayer.PollutionResponse
2020-11-06 21:35:07.6510|Info|MoveNextRunner.InvokeMoveNext => <Post>d__3.MoveNext => Logger1.Log|Weather Controller - End
2020-11-06 21:35:36.0342|Info|<>c__DisplayClass3_0.<Post>b__0 => Pollution.GetPollutionByGeographic => Logger1.Log|Begin
2020-11-06 21:35:36.0407|Info|<>c__DisplayClass3_0.<Post>b__0 => Pollution.GetPollutionByGeographic => Logger1.Log|URI :http://api.openweathermap.org/pollution/v1/o3/12.11,77/Z.json?appid=ee00fb47757b05782a72d6161eb3c04f
2020-11-06 21:35:36.2674|Info|<>c__DisplayClass3_0.<Post>b__0 => Pollution.GetPollutionByGeographic => Logger1.Log|Response :StatusCode: 400, ReasonPhrase: 'Bad Request', Version: 1.1, Content: System.Net.Http.StreamContent, Headers:
{
  Connection: keep-alive
  X-Cache-Key: /pollution/v1/o3/12.11,77/Z.json?
  Access-Control-Allow-Origin: *
  Access-Control-Allow-Credentials: true
  Access-Control-Allow-Methods: GET, POST
  Date: Fri, 06 Nov 2020 16:05:35 GMT
  Server: openresty
  Content-Length: 56
  Content-Type: application/json; charset=utf-8
}
2020-11-06 21:41:50.3048|Info|AsyncTaskMethodBuilder`1.Start => <Post>d__3.MoveNext => Logger1.Log|Weather Controller - Begin
2020-11-06 21:41:50.3374|Info|AsyncTaskMethodBuilder`1.Start => <Post>d__3.MoveNext => Logger1.Log|WeatherGatewayApi.Models.RequestModel
2020-11-06 21:41:53.6397|Info|<>c__DisplayClass3_0.<Post>b__0 => Pollution.GetPollutionByGeographic => Logger1.Log|Begin
2020-11-06 21:41:53.6447|Info|<>c__DisplayClass3_0.<Post>b__0 => Pollution.GetPollutionByGeographic => Logger1.Log|URI :http://api.openweathermap.org/pollution/v1/o3/12.11,77/Z.json?appid=ee00fb47757b05782a72d6161eb3c04f
2020-11-06 21:41:54.4054|Info|<>c__DisplayClass3_0.<Post>b__0 => Pollution.GetPollutionByGeographic => Logger1.Log|Response :StatusCode: 400, ReasonPhrase: 'Bad Request', Version: 1.1, Content: System.Net.Http.StreamContent, Headers:
{
  Connection: keep-alive
  X-Cache-Key: /pollution/v1/o3/12.11,77/Z.json?
  Access-Control-Allow-Origin: *
  Access-Control-Allow-Credentials: true
  Access-Control-Allow-Methods: GET, POST
  Date: Fri, 06 Nov 2020 16:11:53 GMT
  Server: openresty
  Content-Length: 56
  Content-Type: application/json; charset=utf-8
}
2020-11-06 21:41:54.4054|Info|<>c__DisplayClass3_0.<Post>b__0 => Pollution.GetPollutionByGeographic => Logger1.Log|End
2020-11-06 21:41:54.4054|Info|MoveNextRunner.InvokeMoveNext => <Post>d__3.MoveNext => Logger1.Log|Return message from service layer :ServiceLayer.PollutionResponse
2020-11-06 21:42:56.9613|Info|<>c__DisplayClass3_0.<Post>b__0 => Pollution.GetPollutionByGeographic => Logger1.Log|Begin
2020-11-06 21:42:56.9613|Info|<>c__DisplayClass3_0.<Post>b__0 => Pollution.GetPollutionByGeographic => Logger1.Log|URI :http://api.openweathermap.org/pollution/v1/o3/12.11,77/Z.json?appid=ee00fb47757b05782a72d6161eb3c04f
2020-11-06 21:42:57.7204|Info|<>c__DisplayClass3_0.<Post>b__0 => Pollution.GetPollutionByGeographic => Logger1.Log|Response :StatusCode: 400, ReasonPhrase: 'Bad Request', Version: 1.1, Content: System.Net.Http.StreamContent, Headers:
{
  Connection: keep-alive
  X-Cache-Key: /pollution/v1/o3/12.11,77/Z.json?
  Access-Control-Allow-Origin: *
  Access-Control-Allow-Credentials: true
  Access-Control-Allow-Methods: GET, POST
  Date: Fri, 06 Nov 2020 16:12:56 GMT
  Server: openresty
  Content-Length: 56
  Content-Type: application/json; charset=utf-8
}
2020-11-06 21:48:44.5966|Info|AsyncTaskMethodBuilder`1.Start => <Post>d__3.MoveNext => Logger1.Log|Weather Controller - Begin
2020-11-06 21:48:44.6277|Info|AsyncTaskMethodBuilder`1.Start => <Post>d__3.MoveNext => Logger1.Log|WeatherGatewayApi.Models.RequestModel
2020-11-06 21:48:46.6468|Info|<>c__DisplayClass3_0.<Post>b__0 => Pollution.GetPollutionByGeographic => Logger1.Log|Begin
2020-11-06 21:48:46.6468|Info|<>c__DisplayClass3_0.<Post>b__0 => Pollution.GetPollutionByGeographic => Logger1.Log|URI :http://api.openweathermap.org/pollution/v1/o3/12.11,77/Z.json?appid=ee00fb47757b05782a72d6161eb3c04f
2020-11-06 21:48:47.5995|Info|<>c__DisplayClass3_0.<Post>b__0 => Pollution.GetPollutionByGeographic => Logger1.Log|Response :StatusCode: 400, ReasonPhrase: 'Bad Request', Version: 1.1, Content: System.Net.Http.StreamContent, Headers:
{
  Connection: keep-alive
  X-Cache-Key: /pollution/v1/o3/12.11,77/Z.json?
  Access-Control-Allow-Origin: *
  Access-Control-Allow-Credentials: true
  Access-Control-Allow-Methods: GET, POST
  Date: Fri, 06 Nov 2020 16:18:46 GMT
  Server: openresty
  Content-Length: 56
  Content-Type: application/json; charset=utf-8
}
2020-11-06 21:48:47.5995|Info|<>c__DisplayClass3_0.<Post>b__0 => Pollution.GetPollutionByGeographic => Logger1.Log|End
2020-11-06 21:48:47.5995|Info|MoveNextRunner.InvokeMoveNext => <Post>d__3.MoveNext => Logger1.Log|Return message from service layer :ServiceLayer.PollutionResponse
2020-11-06 21:49:01.2737|Info|MoveNextRunner.InvokeMoveNext => <Post>d__3.MoveNext => Logger1.Log|Weather Controller - End
2020-11-06 21:49:38.6042|Info|AsyncTaskMethodBuilder`1.Start => <Post>d__3.MoveNext => Logger1.Log|Weather Controller - Begin
2020-11-06 21:49:38.6042|Info|AsyncTaskMethodBuilder`1.Start => <Post>d__3.MoveNext => Logger1.Log|WeatherGatewayApi.Models.RequestModel
2020-11-06 21:49:44.1141|Info|<>c__DisplayClass3_0.<Post>b__0 => Pollution.GetPollutionByGeographic => Logger1.Log|Begin
2020-11-06 21:49:44.1141|Info|<>c__DisplayClass3_0.<Post>b__0 => Pollution.GetPollutionByGeographic => Logger1.Log|URI :http://api.openweathermap.org/pollution/v1/o3/12.11,77/Z.json?appid=ee00fb47757b05782a72d6161eb3c04f
2020-11-06 21:49:44.3080|Info|<>c__DisplayClass3_0.<Post>b__0 => Pollution.GetPollutionByGeographic => Logger1.Log|Response :StatusCode: 400, ReasonPhrase: 'Bad Request', Version: 1.1, Content: System.Net.Http.StreamContent, Headers:
{
  Connection: keep-alive
  X-Cache-Key: /pollution/v1/o3/12.11,77/Z.json?
  Access-Control-Allow-Origin: *
  Access-Control-Allow-Credentials: true
  Access-Control-Allow-Methods: GET, POST
  Date: Fri, 06 Nov 2020 16:19:43 GMT
  Server: openresty
  Content-Length: 56
  Content-Type: application/json; charset=utf-8
}
2020-11-06 21:49:44.3080|Info|<>c__DisplayClass3_0.<Post>b__0 => Pollution.GetPollutionByGeographic => Logger1.Log|End
2020-11-06 21:50:03.9192|Info|MoveNextRunner.InvokeMoveNext => <Post>d__3.MoveNext => Logger1.Log|Return message from service layer :ServiceLayer.PollutionResponse
2020-11-06 21:50:03.9192|Info|MoveNextRunner.InvokeMoveNext => <Post>d__3.MoveNext => Logger1.Log|Weather Controller - End
2020-11-06 21:50:50.8534|Info|AsyncTaskMethodBuilder`1.Start => <Post>d__3.MoveNext => Logger1.Log|Weather Controller - Begin
2020-11-06 21:50:50.8534|Info|AsyncTaskMethodBuilder`1.Start => <Post>d__3.MoveNext => Logger1.Log|WeatherGatewayApi.Models.RequestModel
2020-11-06 21:50:51.8752|Info|<>c__DisplayClass3_0.<Post>b__0 => Pollution.GetPollutionByGeographic => Logger1.Log|Begin
2020-11-06 21:50:51.8752|Info|<>c__DisplayClass3_0.<Post>b__0 => Pollution.GetPollutionByGeographic => Logger1.Log|URI :http://api.openweathermap.org/pollution/v1/o3/12.11,77/Z.json?appid=ee00fb47757b05782a72d6161eb3c04f
2020-11-06 21:50:52.6343|Info|<>c__DisplayClass3_0.<Post>b__0 => Pollution.GetPollutionByGeographic => Logger1.Log|Response :StatusCode: 400, ReasonPhrase: 'Bad Request', Version: 1.1, Content: System.Net.Http.StreamContent, Headers:
{
  Connection: keep-alive
  X-Cache-Key: /pollution/v1/o3/12.11,77/Z.json?
  Access-Control-Allow-Origin: *
  Access-Control-Allow-Credentials: true
  Access-Control-Allow-Methods: GET, POST
  Date: Fri, 06 Nov 2020 16:20:51 GMT
  Server: openresty
  Content-Length: 56
  Content-Type: application/json; charset=utf-8
}
2020-11-06 21:50:52.6343|Info|<>c__DisplayClass3_0.<Post>b__0 => Pollution.GetPollutionByGeographic => Logger1.Log|End
2020-11-06 21:50:52.6343|Info|MoveNextRunner.InvokeMoveNext => <Post>d__3.MoveNext => Logger1.Log|Return message from service layer :ServiceLayer.PollutionResponse
2020-11-06 21:50:52.6343|Info|MoveNextRunner.InvokeMoveNext => <Post>d__3.MoveNext => Logger1.Log|Weather Controller - End
2020-11-06 21:52:22.7835|Info|AsyncTaskMethodBuilder`1.Start => <Post>d__3.MoveNext => Logger1.Log|Weather Controller - Begin
2020-11-06 21:52:22.7835|Info|AsyncTaskMethodBuilder`1.Start => <Post>d__3.MoveNext => Logger1.Log|WeatherGatewayApi.Models.RequestModel
2020-11-06 21:52:23.8550|Info|<>c__DisplayClass3_0.<Post>b__0 => Pollution.GetPollutionByGeographic => Logger1.Log|Begin
2020-11-06 21:52:23.8550|Info|<>c__DisplayClass3_0.<Post>b__0 => Pollution.GetPollutionByGeographic => Logger1.Log|URI :http://api.openweathermap.org/pollution/v1/o3/12.11,77/Z.json?appid=ee00fb47757b05782a72d6161eb3c04f
2020-11-06 21:52:24.4565|Info|<>c__DisplayClass3_0.<Post>b__0 => Pollution.GetPollutionByGeographic => Logger1.Log|Response :StatusCode: 400, ReasonPhrase: 'Bad Request', Version: 1.1, Content: System.Net.Http.StreamContent, Headers:
{
  Connection: keep-alive
  X-Cache-Key: /pollution/v1/o3/12.11,77/Z.json?
  Access-Control-Allow-Origin: *
  Access-Control-Allow-Credentials: true
  Access-Control-Allow-Methods: GET, POST
  Date: Fri, 06 Nov 2020 16:22:23 GMT
  Server: openresty
  Content-Length: 56
  Content-Type: application/json; charset=utf-8
}
2020-11-06 21:52:24.4575|Info|<>c__DisplayClass3_0.<Post>b__0 => Pollution.GetPollutionByGeographic => Logger1.Log|End
2020-11-06 21:52:24.4575|Info|MoveNextRunner.InvokeMoveNext => <Post>d__3.MoveNext => Logger1.Log|Return message from service layer :ServiceLayer.PollutionResponse
2020-11-06 21:52:24.4575|Info|MoveNextRunner.InvokeMoveNext => <Post>d__3.MoveNext => Logger1.Log|Weather Controller - End
2020-11-06 21:52:58.8457|Info|AsyncTaskMethodBuilder`1.Start => <Post>d__3.MoveNext => Logger1.Log|Weather Controller - Begin
2020-11-06 21:52:58.8457|Info|AsyncTaskMethodBuilder`1.Start => <Post>d__3.MoveNext => Logger1.Log|WeatherGatewayApi.Models.RequestModel
2020-11-06 21:53:03.7972|Info|<>c__DisplayClass3_0.<Post>b__0 => Pollution.GetPollutionByGeographic => Logger1.Log|Begin
2020-11-06 21:53:03.7972|Info|<>c__DisplayClass3_0.<Post>b__0 => Pollution.GetPollutionByGeographic => Logger1.Log|URI :http://api.openweathermap.org/pollution/v1/o3/12.11,77/Z.json?appid=ee00fb47757b05782a72d6161eb3c04f
2020-11-06 21:53:03.9904|Info|<>c__DisplayClass3_0.<Post>b__0 => Pollution.GetPollutionByGeographic => Logger1.Log|Response :StatusCode: 400, ReasonPhrase: 'Bad Request', Version: 1.1, Content: System.Net.Http.StreamContent, Headers:
{
  Connection: keep-alive
  X-Cache-Key: /pollution/v1/o3/12.11,77/Z.json?
  Access-Control-Allow-Origin: *
  Access-Control-Allow-Credentials: true
  Access-Control-Allow-Methods: GET, POST
  Date: Fri, 06 Nov 2020 16:23:02 GMT
  Server: openresty
  Content-Length: 56
  Content-Type: application/json; charset=utf-8
}
2020-11-06 21:53:03.9904|Info|<>c__DisplayClass3_0.<Post>b__0 => Pollution.GetPollutionByGeographic => Logger1.Log|End
2020-11-06 21:53:03.9904|Info|MoveNextRunner.InvokeMoveNext => <Post>d__3.MoveNext => Logger1.Log|Return message from service layer :ServiceLayer.PollutionResponse
2020-11-06 21:53:03.9904|Info|MoveNextRunner.InvokeMoveNext => <Post>d__3.MoveNext => Logger1.Log|Weather Controller - End
2020-11-06 22:01:10.7241|Info|AsyncTaskMethodBuilder`1.Start => <Post>d__3.MoveNext => Logger1.Log|Weather Controller - Begin
2020-11-06 22:01:10.7241|Info|AsyncTaskMethodBuilder`1.Start => <Post>d__3.MoveNext => Logger1.Log|WeatherGatewayApi.Models.RequestModel
2020-11-06 22:01:12.6615|Info|<>c__DisplayClass3_0.<Post>b__0 => Pollution.GetPollutionByGeographic => Logger1.Log|Begin
2020-11-06 22:01:12.6615|Info|<>c__DisplayClass3_0.<Post>b__0 => Pollution.GetPollutionByGeographic => Logger1.Log|URI :http://api.openweathermap.org/pollution/v1/o3/12.11,77/Z.json?appid=ee00fb47757b05782a72d6161eb3c04f
2020-11-06 22:01:13.6019|Info|<>c__DisplayClass3_0.<Post>b__0 => Pollution.GetPollutionByGeographic => Logger1.Log|Response :StatusCode: 400, ReasonPhrase: 'Bad Request', Version: 1.1, Content: System.Net.Http.StreamContent, Headers:
{
  Connection: keep-alive
  X-Cache-Key: /pollution/v1/o3/12.11,77/Z.json?
  Access-Control-Allow-Origin: *
  Access-Control-Allow-Credentials: true
  Access-Control-Allow-Methods: GET, POST
  Date: Fri, 06 Nov 2020 16:31:12 GMT
  Server: openresty
  Content-Length: 56
  Content-Type: application/json; charset=utf-8
}
2020-11-06 22:01:13.6019|Info|<>c__DisplayClass3_0.<Post>b__0 => Pollution.GetPollutionByGeographic => Logger1.Log|End
2020-11-06 22:01:13.6019|Info|MoveNextRunner.InvokeMoveNext => <Post>d__3.MoveNext => Logger1.Log|Return message from service layer :ServiceLayer.PollutionResponse
2020-11-06 22:01:13.6019|Info|MoveNextRunner.InvokeMoveNext => <Post>d__3.MoveNext => Logger1.Log|Weather Controller - End
2020-11-06 22:01:29.6636|Info|AsyncTaskMethodBuilder`1.Start => <Post>d__3.MoveNext => Logger1.Log|Weather Controller - Begin
2020-11-06 22:01:29.6636|Info|AsyncTaskMethodBuilder`1.Start => <Post>d__3.MoveNext => Logger1.Log|WeatherGatewayApi.Models.RequestModel
2020-11-06 22:01:31.2415|Info|<>c__DisplayClass3_0.<Post>b__0 => Pollution.GetPollutionByGeographic => Logger1.Log|Begin
2020-11-06 22:01:31.2415|Info|<>c__DisplayClass3_0.<Post>b__0 => Pollution.GetPollutionByGeographic => Logger1.Log|URI :http://api.openweathermap.org/pollution/v1/o3/12.11,77/Z.json?appid=ee00fb47757b05782a72d6161eb3c04f
2020-11-06 22:01:31.4917|Info|<>c__DisplayClass3_0.<Post>b__0 => Pollution.GetPollutionByGeographic => Logger1.Log|Response :StatusCode: 400, ReasonPhrase: 'Bad Request', Version: 1.1, Content: System.Net.Http.StreamContent, Headers:
{
  Connection: keep-alive
  X-Cache-Key: /pollution/v1/o3/12.11,77/Z.json?
  Access-Control-Allow-Origin: *
  Access-Control-Allow-Credentials: true
  Access-Control-Allow-Methods: GET, POST
  Date: Fri, 06 Nov 2020 16:31:30 GMT
  Server: openresty
  Content-Length: 56
  Content-Type: application/json; charset=utf-8
}
2020-11-06 22:01:31.4917|Info|<>c__DisplayClass3_0.<Post>b__0 => Pollution.GetPollutionByGeographic => Logger1.Log|End
2020-11-06 22:01:31.4917|Info|MoveNextRunner.InvokeMoveNext => <Post>d__3.MoveNext => Logger1.Log|Return message from service layer :ServiceLayer.PollutionResponse
2020-11-06 22:01:31.4917|Info|MoveNextRunner.InvokeMoveNext => <Post>d__3.MoveNext => Logger1.Log|Weather Controller - End
2020-11-06 22:05:28.3097|Info|AsyncTaskMethodBuilder`1.Start => <Post>d__3.MoveNext => Logger1.Log|Weather Controller - Begin
2020-11-06 22:05:28.3097|Info|AsyncTaskMethodBuilder`1.Start => <Post>d__3.MoveNext => Logger1.Log|WeatherGatewayApi.Models.RequestModel
2020-11-06 22:05:29.6951|Info|<>c__DisplayClass3_0.<Post>b__0 => Pollution.GetPollutionByGeographic => Logger1.Log|Begin
2020-11-06 22:05:29.6951|Info|<>c__DisplayClass3_0.<Post>b__0 => Pollution.GetPollutionByGeographic => Logger1.Log|URI :http://api.openweathermap.org/pollution/v1/o3/12.11,77/Z.json?appid=ee00fb47757b05782a72d6161eb3c04f
2020-11-06 22:05:30.6329|Info|<>c__DisplayClass3_0.<Post>b__0 => Pollution.GetPollutionByGeographic => Logger1.Log|Response :StatusCode: 400, ReasonPhrase: 'Bad Request', Version: 1.1, Content: System.Net.Http.StreamContent, Headers:
{
  Connection: keep-alive
  X-Cache-Key: /pollution/v1/o3/12.11,77/Z.json?
  Access-Control-Allow-Origin: *
  Access-Control-Allow-Credentials: true
  Access-Control-Allow-Methods: GET, POST
  Date: Fri, 06 Nov 2020 16:35:29 GMT
  Server: openresty
  Content-Length: 56
  Content-Type: application/json; charset=utf-8
}
2020-11-06 22:05:30.6329|Info|<>c__DisplayClass3_0.<Post>b__0 => Pollution.GetPollutionByGeographic => Logger1.Log|End
2020-11-06 22:05:30.6329|Info|MoveNextRunner.InvokeMoveNext => <Post>d__3.MoveNext => Logger1.Log|Return message from service layer :ServiceLayer.PollutionResponse
2020-11-06 22:05:30.6329|Info|MoveNextRunner.InvokeMoveNext => <Post>d__3.MoveNext => Logger1.Log|Weather Controller - End
2020-11-06 22:05:56.3794|Info|AsyncTaskMethodBuilder`1.Start => <Post>d__3.MoveNext => Logger1.Log|Weather Controller - Begin
2020-11-06 22:05:56.3794|Info|AsyncTaskMethodBuilder`1.Start => <Post>d__3.MoveNext => Logger1.Log|WeatherGatewayApi.Models.RequestModel
2020-11-06 22:05:57.5663|Info|<>c__DisplayClass3_0.<Post>b__0 => Pollution.GetPollutionByGeographic => Logger1.Log|Begin
2020-11-06 22:05:57.5684|Info|<>c__DisplayClass3_0.<Post>b__0 => Pollution.GetPollutionByGeographic => Logger1.Log|URI :http://api.openweathermap.org/pollution/v1/o3/12.11,77/Z.json?appid=ee00fb47757b05782a72d6161eb3c04f
2020-11-06 22:05:57.7989|Info|<>c__DisplayClass3_0.<Post>b__0 => Pollution.GetPollutionByGeographic => Logger1.Log|Response :StatusCode: 400, ReasonPhrase: 'Bad Request', Version: 1.1, Content: System.Net.Http.StreamContent, Headers:
{
  Connection: keep-alive
  X-Cache-Key: /pollution/v1/o3/12.11,77/Z.json?
  Access-Control-Allow-Origin: *
  Access-Control-Allow-Credentials: true
  Access-Control-Allow-Methods: GET, POST
  Date: Fri, 06 Nov 2020 16:35:56 GMT
  Server: openresty
  Content-Length: 56
  Content-Type: application/json; charset=utf-8
}
2020-11-06 22:05:57.7989|Info|<>c__DisplayClass3_0.<Post>b__0 => Pollution.GetPollutionByGeographic => Logger1.Log|End
2020-11-06 22:05:57.8019|Info|MoveNextRunner.InvokeMoveNext => <Post>d__3.MoveNext => Logger1.Log|Return message from service layer :ServiceLayer.PollutionResponse
2020-11-06 22:05:57.8019|Info|MoveNextRunner.InvokeMoveNext => <Post>d__3.MoveNext => Logger1.Log|Weather Controller - End
2020-11-06 22:07:35.3225|Info|AsyncTaskMethodBuilder`1.Start => <Post>d__3.MoveNext => Logger1.Log|Weather Controller - Begin
2020-11-06 22:07:35.3225|Info|AsyncTaskMethodBuilder`1.Start => <Post>d__3.MoveNext => Logger1.Log|WeatherGatewayApi.Models.RequestModel
2020-11-06 22:07:36.5335|Info|<>c__DisplayClass3_0.<Post>b__0 => Pollution.GetPollutionByGeographic => Logger1.Log|Begin
2020-11-06 22:07:36.5335|Info|<>c__DisplayClass3_0.<Post>b__0 => Pollution.GetPollutionByGeographic => Logger1.Log|URI :http://api.openweathermap.org/pollution/v1/o3/12.11,77/Z.json?appid=ee00fb47757b05782a72d6161eb3c04f
2020-11-06 22:07:37.5592|Info|<>c__DisplayClass3_0.<Post>b__0 => Pollution.GetPollutionByGeographic => Logger1.Log|Response :StatusCode: 400, ReasonPhrase: 'Bad Request', Version: 1.1, Content: System.Net.Http.StreamContent, Headers:
{
  Connection: keep-alive
  X-Cache-Key: /pollution/v1/o3/12.11,77/Z.json?
  Access-Control-Allow-Origin: *
  Access-Control-Allow-Credentials: true
  Access-Control-Allow-Methods: GET, POST
  Date: Fri, 06 Nov 2020 16:37:36 GMT
  Server: openresty
  Content-Length: 56
  Content-Type: application/json; charset=utf-8
}
2020-11-06 22:07:37.5592|Info|<>c__DisplayClass3_0.<Post>b__0 => Pollution.GetPollutionByGeographic => Logger1.Log|End
2020-11-06 22:07:37.5592|Info|MoveNextRunner.InvokeMoveNext => <Post>d__3.MoveNext => Logger1.Log|Return message from service layer :ServiceLayer.PollutionResponse
2020-11-06 22:07:37.5592|Info|MoveNextRunner.InvokeMoveNext => <Post>d__3.MoveNext => Logger1.Log|Weather Controller - End
2020-11-06 22:08:24.4825|Info|AsyncTaskMethodBuilder`1.Start => <Post>d__3.MoveNext => Logger1.Log|Weather Controller - Begin
2020-11-06 22:08:24.4825|Info|AsyncTaskMethodBuilder`1.Start => <Post>d__3.MoveNext => Logger1.Log|WeatherGatewayApi.Models.RequestModel
2020-11-06 22:08:25.5435|Info|<>c__DisplayClass3_0.<Post>b__0 => Pollution.GetPollutionByGeographic => Logger1.Log|Begin
2020-11-06 22:08:25.5435|Info|<>c__DisplayClass3_0.<Post>b__0 => Pollution.GetPollutionByGeographic => Logger1.Log|URI :http://api.openweathermap.org/pollution/v1/o3/12.11,77/Z.json?appid=ee00fb47757b05782a72d6161eb3c04f
2020-11-06 22:08:25.7447|Info|<>c__DisplayClass3_0.<Post>b__0 => Pollution.GetPollutionByGeographic => Logger1.Log|Response :StatusCode: 400, ReasonPhrase: 'Bad Request', Version: 1.1, Content: System.Net.Http.StreamContent, Headers:
{
  Connection: keep-alive
  X-Cache-Key: /pollution/v1/o3/12.11,77/Z.json?
  Access-Control-Allow-Origin: *
  Access-Control-Allow-Credentials: true
  Access-Control-Allow-Methods: GET, POST
  Date: Fri, 06 Nov 2020 16:38:24 GMT
  Server: openresty
  Content-Length: 56
  Content-Type: application/json; charset=utf-8
}
2020-11-06 22:08:25.7447|Info|<>c__DisplayClass3_0.<Post>b__0 => Pollution.GetPollutionByGeographic => Logger1.Log|End
2020-11-06 22:08:25.7447|Info|MoveNextRunner.InvokeMoveNext => <Post>d__3.MoveNext => Logger1.Log|Return message from service layer :ServiceLayer.PollutionResponse
2020-11-06 22:08:25.7447|Info|MoveNextRunner.InvokeMoveNext => <Post>d__3.MoveNext => Logger1.Log|Weather Controller - End
2020-11-06 22:08:40.5397|Info|AsyncTaskMethodBuilder`1.Start => <Post>d__3.MoveNext => Logger1.Log|Weather Controller - Begin
2020-11-06 22:08:40.5397|Info|AsyncTaskMethodBuilder`1.Start => <Post>d__3.MoveNext => Logger1.Log|WeatherGatewayApi.Models.RequestModel
2020-11-06 22:08:41.6611|Info|<>c__DisplayClass3_0.<Post>b__0 => Pollution.GetPollutionByGeographic => Logger1.Log|Begin
2020-11-06 22:08:41.6611|Info|<>c__DisplayClass3_0.<Post>b__0 => Pollution.GetPollutionByGeographic => Logger1.Log|URI :http://api.openweathermap.org/pollution/v1/o3/12.11,77/Z.json?appid=ee00fb47757b05782a72d6161eb3c04f
2020-11-06 22:08:42.6376|Info|<>c__DisplayClass3_0.<Post>b__0 => Pollution.GetPollutionByGeographic => Logger1.Log|Response :StatusCode: 400, ReasonPhrase: 'Bad Request', Version: 1.1, Content: System.Net.Http.StreamContent, Headers:
{
  Connection: keep-alive
  X-Cache-Key: /pollution/v1/o3/12.11,77/Z.json?
  Access-Control-Allow-Origin: *
  Access-Control-Allow-Credentials: true
  Access-Control-Allow-Methods: GET, POST
  Date: Fri, 06 Nov 2020 16:38:41 GMT
  Server: openresty
  Content-Length: 56
  Content-Type: application/json; charset=utf-8
}
2020-11-06 22:08:42.6376|Info|<>c__DisplayClass3_0.<Post>b__0 => Pollution.GetPollutionByGeographic => Logger1.Log|End
2020-11-06 22:08:42.6376|Info|MoveNextRunner.InvokeMoveNext => <Post>d__3.MoveNext => Logger1.Log|Return message from service layer :ServiceLayer.PollutionResponse
2020-11-06 22:08:42.6376|Info|MoveNextRunner.InvokeMoveNext => <Post>d__3.MoveNext => Logger1.Log|Weather Controller - End
2020-11-06 22:09:45.0489|Info|AsyncTaskMethodBuilder`1.Start => <Post>d__3.MoveNext => Logger1.Log|Weather Controller - Begin
2020-11-06 22:09:45.0489|Info|AsyncTaskMethodBuilder`1.Start => <Post>d__3.MoveNext => Logger1.Log|WeatherGatewayApi.Models.RequestModel
2020-11-06 22:09:45.8968|Info|<>c__DisplayClass3_0.<Post>b__0 => Pollution.GetPollutionByGeographic => Logger1.Log|Begin
2020-11-06 22:09:45.8968|Info|<>c__DisplayClass3_0.<Post>b__0 => Pollution.GetPollutionByGeographic => Logger1.Log|URI :http://api.openweathermap.org/pollution/v1/o3/12.11,77/Z.json?appid=ee00fb47757b05782a72d6161eb3c04f
2020-11-06 22:09:46.6395|Info|<>c__DisplayClass3_0.<Post>b__0 => Pollution.GetPollutionByGeographic => Logger1.Log|Response :StatusCode: 400, ReasonPhrase: 'Bad Request', Version: 1.1, Content: System.Net.Http.StreamContent, Headers:
{
  Connection: keep-alive
  X-Cache-Key: /pollution/v1/o3/12.11,77/Z.json?
  Access-Control-Allow-Origin: *
  Access-Control-Allow-Credentials: true
  Access-Control-Allow-Methods: GET, POST
  Date: Fri, 06 Nov 2020 16:39:45 GMT
  Server: openresty
  Content-Length: 56
  Content-Type: application/json; charset=utf-8
}
2020-11-06 22:09:46.6395|Info|<>c__DisplayClass3_0.<Post>b__0 => Pollution.GetPollutionByGeographic => Logger1.Log|End
2020-11-06 22:09:46.6395|Info|MoveNextRunner.InvokeMoveNext => <Post>d__3.MoveNext => Logger1.Log|Return message from service layer :ServiceLayer.PollutionResponse
2020-11-06 22:09:46.6395|Info|MoveNextRunner.InvokeMoveNext => <Post>d__3.MoveNext => Logger1.Log|Weather Controller - End
2020-11-06 22:10:13.7847|Info|AsyncTaskMethodBuilder`1.Start => <Post>d__3.MoveNext => Logger1.Log|Weather Controller - Begin
2020-11-06 22:10:13.7859|Info|AsyncTaskMethodBuilder`1.Start => <Post>d__3.MoveNext => Logger1.Log|WeatherGatewayApi.Models.RequestModel
2020-11-06 22:10:15.0489|Info|<>c__DisplayClass3_0.<Post>b__0 => Pollution.GetPollutionByGeographic => Logger1.Log|Begin
2020-11-06 22:10:15.0489|Info|<>c__DisplayClass3_0.<Post>b__0 => Pollution.GetPollutionByGeographic => Logger1.Log|URI :http://api.openweathermap.org/pollution/v1/o3/12.11,77/Z.json?appid=ee00fb47757b05782a72d6161eb3c04f
2020-11-06 22:10:15.2402|Info|<>c__DisplayClass3_0.<Post>b__0 => Pollution.GetPollutionByGeographic => Logger1.Log|Response :StatusCode: 400, ReasonPhrase: 'Bad Request', Version: 1.1, Content: System.Net.Http.StreamContent, Headers:
{
  Connection: keep-alive
  X-Cache-Key: /pollution/v1/o3/12.11,77/Z.json?
  Access-Control-Allow-Origin: *
  Access-Control-Allow-Credentials: true
  Access-Control-Allow-Methods: GET, POST
  Date: Fri, 06 Nov 2020 16:40:14 GMT
  Server: openresty
  Content-Length: 56
  Content-Type: application/json; charset=utf-8
}
2020-11-06 22:10:15.2402|Info|<>c__DisplayClass3_0.<Post>b__0 => Pollution.GetPollutionByGeographic => Logger1.Log|End
2020-11-06 22:10:15.2402|Info|MoveNextRunner.InvokeMoveNext => <Post>d__3.MoveNext => Logger1.Log|Return message from service layer :ServiceLayer.PollutionResponse
2020-11-06 22:10:15.2402|Info|MoveNextRunner.InvokeMoveNext => <Post>d__3.MoveNext => Logger1.Log|Weather Controller - End
2020-11-06 22:13:03.1953|Info|AsyncTaskMethodBuilder`1.Start => <Post>d__3.MoveNext => Logger1.Log|Weather Controller - Begin
2020-11-06 22:13:03.1953|Info|AsyncTaskMethodBuilder`1.Start => <Post>d__3.MoveNext => Logger1.Log|WeatherGatewayApi.Models.RequestModel
2020-11-06 22:13:04.2787|Info|<>c__DisplayClass3_0.<Post>b__0 => Pollution.GetPollutionByGeographic => Logger1.Log|Begin
2020-11-06 22:13:04.2787|Info|<>c__DisplayClass3_0.<Post>b__0 => Pollution.GetPollutionByGeographic => Logger1.Log|URI :http://api.openweathermap.org/pollution/v1/o3/12.11,77/Z.json?appid=ee00fb47757b05782a72d6161eb3c04f
2020-11-06 22:13:04.9924|Info|<>c__DisplayClass3_0.<Post>b__0 => Pollution.GetPollutionByGeographic => Logger1.Log|Response :StatusCode: 400, ReasonPhrase: 'Bad Request', Version: 1.1, Content: System.Net.Http.StreamContent, Headers:
{
  Connection: keep-alive
  X-Cache-Key: /pollution/v1/o3/12.11,77/Z.json?
  Access-Control-Allow-Origin: *
  Access-Control-Allow-Credentials: true
  Access-Control-Allow-Methods: GET, POST
  Date: Fri, 06 Nov 2020 16:43:03 GMT
  Server: openresty
  Content-Length: 56
  Content-Type: application/json; charset=utf-8
}
2020-11-06 22:13:04.9924|Info|<>c__DisplayClass3_0.<Post>b__0 => Pollution.GetPollutionByGeographic => Logger1.Log|End
2020-11-06 22:13:04.9924|Info|MoveNextRunner.InvokeMoveNext => <Post>d__3.MoveNext => Logger1.Log|Return message from service layer :ServiceLayer.PollutionResponse
2020-11-06 22:13:04.9924|Info|MoveNextRunner.InvokeMoveNext => <Post>d__3.MoveNext => Logger1.Log|Weather Controller - End
